[ 2016-03-30T09:10:03+08:00 ] 192.168.115.175 /favicon.ico
INFO: [ app_init ] --START--
INFO: Run Behavior\BuildLiteBehavior [ RunTime:0.000000s ]
INFO: [ app_init ] --END-- [ RunTime:0.000000s ]
ERR: 无法加载模块:Favicon

[ 2016-03-30T09:43:49+08:00 ] 192.168.115.175 /Public/mall/css/grabbing.png
INFO: [ app_init ] --START--
INFO: Run Behavior\BuildLiteBehavior [ RunTime:0.000000s ]
INFO: [ app_init ] --END-- [ RunTime:0.000000s ]
ERR: 无法加载模块:Public

[ 2016-03-30T10:26:37+08:00 ] 192.168.115.175 /Public/mall/css/__PUBLIC__/mall/wuhelong/images/bj3.png
INFO: [ app_init ] --START--
INFO: Run Behavior\BuildLiteBehavior [ RunTime:0.000000s ]
INFO: [ app_init ] --END-- [ RunTime:0.000000s ]
ERR: 无法加载模块:Public

[ 2016-03-30T10:26:46+08:00 ] 192.168.115.175 /Public/mall/css/__PUBLIC__/mall/wuhelong/images/bj3.png
INFO: [ app_init ] --START--
INFO: Run Behavior\BuildLiteBehavior [ RunTime:0.000000s ]
INFO: [ app_init ] --END-- [ RunTime:0.000000s ]
ERR: 无法加载模块:Public

[ 2016-03-30T10:26:46+08:00 ] 192.168.115.175 /Public/mall/css/__PUBLIC__/mall/wuhelong/images/bj3.png
INFO: [ app_init ] --START--
INFO: Run Behavior\BuildLiteBehavior [ RunTime:0.000000s ]
INFO: [ app_init ] --END-- [ RunTime:0.000000s ]
ERR: 无法加载模块:Public

[ 2016-03-30T10:26:47+08:00 ] 192.168.115.175 /Public/mall/css/__PUBLIC__/mall/wuhelong/images/bj3.png
INFO: [ app_init ] --START--
INFO: Run Behavior\BuildLiteBehavior [ RunTime:0.001001s ]
INFO: [ app_init ] --END-- [ RunTime:0.001001s ]
ERR: 无法加载模块:Public

[ 2016-03-30T10:26:47+08:00 ] 192.168.115.175 /Public/mall/css/__PUBLIC__/mall/wuhelong/images/bj3.png
INFO: [ app_init ] --START--
INFO: Run Behavior\BuildLiteBehavior [ RunTime:0.000000s ]
INFO: [ app_init ] --END-- [ RunTime:0.000000s ]
ERR: 无法加载模块:Public

[ 2016-03-30T10:26:47+08:00 ] 192.168.115.175 /Public/mall/css/__PUBLIC__/mall/wuhelong/images/bj3.png
INFO: [ app_init ] --START--
INFO: Run Behavior\BuildLiteBehavior [ RunTime:0.000000s ]
INFO: [ app_init ] --END-- [ RunTime:0.000000s ]
ERR: 无法加载模块:Public

[ 2016-03-30T10:26:47+08:00 ] 192.168.115.175 /Public/mall/css/__PUBLIC__/mall/wuhelong/images/bj3.png
INFO: [ app_init ] --START--
INFO: Run Behavior\BuildLiteBehavior [ RunTime:0.000000s ]
INFO: [ app_init ] --END-- [ RunTime:0.000000s ]
ERR: 无法加载模块:Public

[ 2016-03-30T10:26:47+08:00 ] 192.168.115.175 /Public/mall/css/__PUBLIC__/mall/wuhelong/images/bj3.png
INFO: [ app_init ] --START--
INFO: Run Behavior\BuildLiteBehavior [ RunTime:0.000000s ]
INFO: [ app_init ] --END-- [ RunTime:0.001000s ]
ERR: 无法加载模块:Public

[ 2016-03-30T10:26:47+08:00 ] 192.168.115.175 /Public/mall/css/__PUBLIC__/mall/wuhelong/images/bj3.png
INFO: [ app_init ] --START--
INFO: Run Behavior\BuildLiteBehavior [ RunTime:0.000000s ]
INFO: [ app_init ] --END-- [ RunTime:0.000000s ]
ERR: 无法加载模块:Public

[ 2016-03-30T10:26:47+08:00 ] 192.168.115.175 /Public/mall/css/__PUBLIC__/mall/wuhelong/images/bj3.png
INFO: [ app_init ] --START--
INFO: Run Behavior\BuildLiteBehavior [ RunTime:0.000000s ]
INFO: [ app_init ] --END-- [ RunTime:0.000000s ]
ERR: 无法加载模块:Public

[ 2016-03-30T10:26:47+08:00 ] 192.168.115.175 /Public/mall/css/__PUBLIC__/mall/wuhelong/images/bj3.png
INFO: [ app_init ] --START--
INFO: Run Behavior\BuildLiteBehavior [ RunTime:0.000000s ]
INFO: [ app_init ] --END-- [ RunTime:0.000000s ]
ERR: 无法加载模块:Public

[ 2016-03-30T10:26:47+08:00 ] 192.168.115.175 /Public/mall/css/__PUBLIC__/mall/wuhelong/images/bj3.png
INFO: [ app_init ] --START--
INFO: Run Behavior\BuildLiteBehavior [ RunTime:0.000000s ]
INFO: [ app_init ] --END-- [ RunTime:0.001000s ]
ERR: 无法加载模块:Public

[ 2016-03-30T10:26:47+08:00 ] 192.168.115.175 /Public/mall/css/__PUBLIC__/mall/wuhelong/images/bj3.png
INFO: [ app_init ] --START--
INFO: Run Behavior\BuildLiteBehavior [ RunTime:0.000000s ]
INFO: [ app_init ] --END-- [ RunTime:0.000000s ]
ERR: 无法加载模块:Public

[ 2016-03-30T10:26:48+08:00 ] 192.168.115.175 /Public/mall/css/__PUBLIC__/mall/wuhelong/images/bj3.png
INFO: [ app_init ] --START--
INFO: Run Behavior\BuildLiteBehavior [ RunTime:0.000000s ]
INFO: [ app_init ] --END-- [ RunTime:0.000000s ]
ERR: 无法加载模块:Public

[ 2016-03-30T10:26:48+08:00 ] 192.168.115.175 /Public/mall/css/__PUBLIC__/mall/wuhelong/images/bj3.png
INFO: [ app_init ] --START--
INFO: Run Behavior\BuildLiteBehavior [ RunTime:0.000000s ]
INFO: [ app_init ] --END-- [ RunTime:0.001000s ]
ERR: 无法加载模块:Public

[ 2016-03-30T10:26:48+08:00 ] 192.168.115.175 /Public/mall/css/__PUBLIC__/mall/wuhelong/images/bj3.png
INFO: [ app_init ] --START--
INFO: Run Behavior\BuildLiteBehavior [ RunTime:0.000000s ]
INFO: [ app_init ] --END-- [ RunTime:0.001000s ]
ERR: 无法加载模块:Public

[ 2016-03-30T10:26:48+08:00 ] 192.168.115.175 /Public/mall/css/__PUBLIC__/mall/wuhelong/images/bj3.png
INFO: [ app_init ] --START--
INFO: Run Behavior\BuildLiteBehavior [ RunTime:0.000000s ]
INFO: [ app_init ] --END-- [ RunTime:0.000000s ]
ERR: 无法加载模块:Public

[ 2016-03-30T10:26:48+08:00 ] 192.168.115.175 /Public/mall/css/__PUBLIC__/mall/wuhelong/images/bj3.png
INFO: [ app_init ] --START--
INFO: Run Behavior\BuildLiteBehavior [ RunTime:0.000000s ]
INFO: [ app_init ] --END-- [ RunTime:0.001000s ]
ERR: 无法加载模块:Public

[ 2016-03-30T10:26:49+08:00 ] 192.168.115.175 /Public/mall/css/__PUBLIC__/mall/wuhelong/images/bj3.png
INFO: [ app_init ] --START--
INFO: Run Behavior\BuildLiteBehavior [ RunTime:0.000000s ]
INFO: [ app_init ] --END-- [ RunTime:0.000000s ]
ERR: 无法加载模块:Public

[ 2016-03-30T10:26:49+08:00 ] 192.168.115.175 /Public/mall/css/__PUBLIC__/mall/wuhelong/images/bj3.png
INFO: [ app_init ] --START--
INFO: Run Behavior\BuildLiteBehavior [ RunTime:0.000000s ]
INFO: [ app_init ] --END-- [ RunTime:0.000000s ]
ERR: 无法加载模块:Public

[ 2016-03-30T10:26:49+08:00 ] 192.168.115.175 /Public/mall/css/__PUBLIC__/mall/wuhelong/images/bj3.png
INFO: [ app_init ] --START--
INFO: Run Behavior\BuildLiteBehavior [ RunTime:0.000000s ]
INFO: [ app_init ] --END-- [ RunTime:0.000000s ]
ERR: 无法加载模块:Public

[ 2016-03-30T10:26:49+08:00 ] 192.168.115.175 /Public/mall/css/__PUBLIC__/mall/wuhelong/images/bj3.png
INFO: [ app_init ] --START--
INFO: Run Behavior\BuildLiteBehavior [ RunTime:0.000000s ]
INFO: [ app_init ] --END-- [ RunTime:0.000000s ]
ERR: 无法加载模块:Public

[ 2016-03-30T10:26:49+08:00 ] 192.168.115.175 /Public/mall/css/__PUBLIC__/mall/wuhelong/images/bj3.png
INFO: [ app_init ] --START--
INFO: Run Behavior\BuildLiteBehavior [ RunTime:0.000000s ]
INFO: [ app_init ] --END-- [ RunTime:0.001000s ]
ERR: 无法加载模块:Public

[ 2016-03-30T10:26:49+08:00 ] 192.168.115.175 /Public/mall/css/__PUBLIC__/mall/wuhelong/images/bj3.png
INFO: [ app_init ] --START--
INFO: Run Behavior\BuildLiteBehavior [ RunTime:0.000000s ]
INFO: [ app_init ] --END-- [ RunTime:0.001000s ]
ERR: 无法加载模块:Public

[ 2016-03-30T10:26:49+08:00 ] 192.168.115.175 /Public/mall/css/__PUBLIC__/mall/wuhelong/images/bj3.png
INFO: [ app_init ] --START--
INFO: Run Behavior\BuildLiteBehavior [ RunTime:0.000000s ]
INFO: [ app_init ] --END-- [ RunTime:0.001000s ]
ERR: 无法加载模块:Public

[ 2016-03-30T10:26:49+08:00 ] 192.168.115.175 /Public/mall/css/__PUBLIC__/mall/wuhelong/images/bj3.png
INFO: [ app_init ] --START--
INFO: Run Behavior\BuildLiteBehavior [ RunTime:0.000000s ]
INFO: [ app_init ] --END-- [ RunTime:0.000000s ]
ERR: 无法加载模块:Public

[ 2016-03-30T10:26:49+08:00 ] 192.168.115.175 /Public/mall/css/__PUBLIC__/mall/wuhelong/images/bj3.png
INFO: [ app_init ] --START--
INFO: Run Behavior\BuildLiteBehavior [ RunTime:0.000000s ]
INFO: [ app_init ] --END-- [ RunTime:0.001000s ]
ERR: 无法加载模块:Public

[ 2016-03-30T10:26:50+08:00 ] 192.168.115.175 /Public/mall/css/__PUBLIC__/mall/wuhelong/images/bj3.png
INFO: [ app_init ] --START--
INFO: Run Behavior\BuildLiteBehavior [ RunTime:0.000000s ]
INFO: [ app_init ] --END-- [ RunTime:0.000000s ]
ERR: 无法加载模块:Public

[ 2016-03-30T10:26:50+08:00 ] 192.168.115.175 /Public/mall/css/__PUBLIC__/mall/wuhelong/images/bj3.png
INFO: [ app_init ] --START--
INFO: Run Behavior\BuildLiteBehavior [ RunTime:0.000000s ]
INFO: [ app_init ] --END-- [ RunTime:0.000000s ]
ERR: 无法加载模块:Public

[ 2016-03-30T10:26:50+08:00 ] 192.168.115.175 /Public/mall/css/__PUBLIC__/mall/wuhelong/images/bj3.png
INFO: [ app_init ] --START--
INFO: Run Behavior\BuildLiteBehavior [ RunTime:0.000000s ]
INFO: [ app_init ] --END-- [ RunTime:0.001000s ]
ERR: 无法加载模块:Public

[ 2016-03-30T10:26:50+08:00 ] 192.168.115.175 /Public/mall/css/__PUBLIC__/mall/wuhelong/images/bj3.png
INFO: [ app_init ] --START--
INFO: Run Behavior\BuildLiteBehavior [ RunTime:0.000000s ]
INFO: [ app_init ] --END-- [ RunTime:0.001000s ]
ERR: 无法加载模块:Public

[ 2016-03-30T10:26:50+08:00 ] 192.168.115.175 /Public/mall/css/__PUBLIC__/mall/wuhelong/images/bj3.png
INFO: [ app_init ] --START--
INFO: Run Behavior\BuildLiteBehavior [ RunTime:0.000000s ]
INFO: [ app_init ] --END-- [ RunTime:0.000000s ]
ERR: 无法加载模块:Public

[ 2016-03-30T10:26:50+08:00 ] 192.168.115.175 /Public/mall/css/__PUBLIC__/mall/wuhelong/images/bj3.png
INFO: [ app_init ] --START--
INFO: Run Behavior\BuildLiteBehavior [ RunTime:0.000000s ]
INFO: [ app_init ] --END-- [ RunTime:0.000000s ]
ERR: 无法加载模块:Public

[ 2016-03-30T10:26:50+08:00 ] 192.168.115.175 /Public/mall/css/__PUBLIC__/mall/wuhelong/images/bj3.png
INFO: [ app_init ] --START--
INFO: Run Behavior\BuildLiteBehavior [ RunTime:0.000000s ]
INFO: [ app_init ] --END-- [ RunTime:0.000000s ]
ERR: 无法加载模块:Public

[ 2016-03-30T10:26:50+08:00 ] 192.168.115.175 /Public/mall/css/__PUBLIC__/mall/wuhelong/images/bj3.png
INFO: [ app_init ] --START--
INFO: Run Behavior\BuildLiteBehavior [ RunTime:0.000000s ]
INFO: [ app_init ] --END-- [ RunTime:0.000000s ]
ERR: 无法加载模块:Public

[ 2016-03-30T10:26:50+08:00 ] 192.168.115.175 /Public/mall/css/__PUBLIC__/mall/wuhelong/images/bj3.png
INFO: [ app_init ] --START--
INFO: Run Behavior\BuildLiteBehavior [ RunTime:0.001000s ]
INFO: [ app_init ] --END-- [ RunTime:0.001000s ]
ERR: 无法加载模块:Public

[ 2016-03-30T10:26:50+08:00 ] 192.168.115.175 /Public/mall/css/__PUBLIC__/mall/wuhelong/images/bj3.png
INFO: [ app_init ] --START--
INFO: Run Behavior\BuildLiteBehavior [ RunTime:0.000000s ]
INFO: [ app_init ] --END-- [ RunTime:0.000000s ]
ERR: 无法加载模块:Public

[ 2016-03-30T10:26:50+08:00 ] 192.168.115.175 /Public/mall/css/__PUBLIC__/mall/wuhelong/images/bj3.png
INFO: [ app_init ] --START--
INFO: Run Behavior\BuildLiteBehavior [ RunTime:0.000000s ]
INFO: [ app_init ] --END-- [ RunTime:0.001000s ]
ERR: 无法加载模块:Public

[ 2016-03-30T10:26:50+08:00 ] 192.168.115.175 /Public/mall/css/__PUBLIC__/mall/wuhelong/images/bj3.png
INFO: [ app_init ] --START--
INFO: Run Behavior\BuildLiteBehavior [ RunTime:0.000000s ]
INFO: [ app_init ] --END-- [ RunTime:0.001000s ]
ERR: 无法加载模块:Public

[ 2016-03-30T10:26:50+08:00 ] 192.168.115.175 /Public/mall/css/__PUBLIC__/mall/wuhelong/images/bj3.png
INFO: [ app_init ] --START--
INFO: Run Behavior\BuildLiteBehavior [ RunTime:0.000000s ]
INFO: [ app_init ] --END-- [ RunTime:0.000000s ]
ERR: 无法加载模块:Public

[ 2016-03-30T10:26:50+08:00 ] 192.168.115.175 /Public/mall/css/__PUBLIC__/mall/wuhelong/images/bj3.png
INFO: [ app_init ] --START--
INFO: Run Behavior\BuildLiteBehavior [ RunTime:0.000000s ]
INFO: [ app_init ] --END-- [ RunTime:0.000000s ]
ERR: 无法加载模块:Public

[ 2016-03-30T10:26:50+08:00 ] 192.168.115.175 /Public/mall/css/__PUBLIC__/mall/wuhelong/images/bj3.png
INFO: [ app_init ] --START--
INFO: Run Behavior\BuildLiteBehavior [ RunTime:0.000000s ]
INFO: [ app_init ] --END-- [ RunTime:0.001000s ]
ERR: 无法加载模块:Public

[ 2016-03-30T10:26:50+08:00 ] 192.168.115.175 /Public/mall/css/__PUBLIC__/mall/wuhelong/images/bj3.png
INFO: [ app_init ] --START--
INFO: Run Behavior\BuildLiteBehavior [ RunTime:0.000000s ]
INFO: [ app_init ] --END-- [ RunTime:0.000000s ]
ERR: 无法加载模块:Public

[ 2016-03-30T10:26:50+08:00 ] 192.168.115.175 /Public/mall/css/__PUBLIC__/mall/wuhelong/images/bj3.png
INFO: [ app_init ] --START--
INFO: Run Behavior\BuildLiteBehavior [ RunTime:0.000000s ]
INFO: [ app_init ] --END-- [ RunTime:0.001000s ]
ERR: 无法加载模块:Public

[ 2016-03-30T10:26:50+08:00 ] 192.168.115.175 /Public/mall/css/__PUBLIC__/mall/wuhelong/images/bj3.png
INFO: [ app_init ] --START--
INFO: Run Behavior\BuildLiteBehavior [ RunTime:0.000000s ]
INFO: [ app_init ] --END-- [ RunTime:0.000000s ]
ERR: 无法加载模块:Public

[ 2016-03-30T10:26:50+08:00 ] 192.168.115.175 /Public/mall/css/__PUBLIC__/mall/wuhelong/images/bj3.png
INFO: [ app_init ] --START--
INFO: Run Behavior\BuildLiteBehavior [ RunTime:0.000000s ]
INFO: [ app_init ] --END-- [ RunTime:0.000000s ]
ERR: 无法加载模块:Public

[ 2016-03-30T10:26:50+08:00 ] 192.168.115.175 /Public/mall/css/__PUBLIC__/mall/wuhelong/images/bj3.png
INFO: [ app_init ] --START--
INFO: Run Behavior\BuildLiteBehavior [ RunTime:0.000000s ]
INFO: [ app_init ] --END-- [ RunTime:0.000000s ]
ERR: 无法加载模块:Public

[ 2016-03-30T10:26:50+08:00 ] 192.168.115.175 /Public/mall/css/__PUBLIC__/mall/wuhelong/images/bj3.png
INFO: [ app_init ] --START--
INFO: Run Behavior\BuildLiteBehavior [ RunTime:0.000000s ]
INFO: [ app_init ] --END-- [ RunTime:0.001000s ]
ERR: 无法加载模块:Public

[ 2016-03-30T10:26:51+08:00 ] 192.168.115.175 /Public/mall/css/__PUBLIC__/mall/wuhelong/images/bj3.png
INFO: [ app_init ] --START--
INFO: Run Behavior\BuildLiteBehavior [ RunTime:0.000000s ]
INFO: [ app_init ] --END-- [ RunTime:0.001000s ]
ERR: 无法加载模块:Public

[ 2016-03-30T10:26:52+08:00 ] 192.168.115.175 /Public/mall/css/__PUBLIC__/mall/wuhelong/images/bj3.png
INFO: [ app_init ] --START--
INFO: Run Behavior\BuildLiteBehavior [ RunTime:0.000000s ]
INFO: [ app_init ] --END-- [ RunTime:0.000000s ]
ERR: 无法加载模块:Public

[ 2016-03-30T10:26:53+08:00 ] 192.168.115.175 /Public/mall/css/__PUBLIC__/mall/wuhelong/images/bj3.png
INFO: [ app_init ] --START--
INFO: Run Behavior\BuildLiteBehavior [ RunTime:0.000000s ]
INFO: [ app_init ] --END-- [ RunTime:0.000000s ]
ERR: 无法加载模块:Public

[ 2016-03-30T10:26:53+08:00 ] 192.168.115.175 /Public/mall/css/__PUBLIC__/mall/wuhelong/images/bj3.png
INFO: [ app_init ] --START--
INFO: Run Behavior\BuildLiteBehavior [ RunTime:0.000000s ]
INFO: [ app_init ] --END-- [ RunTime:0.000000s ]
ERR: 无法加载模块:Public

[ 2016-03-30T10:26:53+08:00 ] 192.168.115.175 /Public/mall/css/__PUBLIC__/mall/wuhelong/images/bj3.png
INFO: [ app_init ] --START--
INFO: Run Behavior\BuildLiteBehavior [ RunTime:0.000000s ]
INFO: [ app_init ] --END-- [ RunTime:0.000000s ]
ERR: 无法加载模块:Public

[ 2016-03-30T10:26:53+08:00 ] 192.168.115.175 /Public/mall/css/__PUBLIC__/mall/wuhelong/images/bj3.png
INFO: [ app_init ] --START--
INFO: Run Behavior\BuildLiteBehavior [ RunTime:0.000000s ]
INFO: [ app_init ] --END-- [ RunTime:0.000000s ]
ERR: 无法加载模块:Public

[ 2016-03-30T10:26:53+08:00 ] 192.168.115.175 /Public/mall/css/__PUBLIC__/mall/wuhelong/images/bj3.png
INFO: [ app_init ] --START--
INFO: Run Behavior\BuildLiteBehavior [ RunTime:0.000000s ]
INFO: [ app_init ] --END-- [ RunTime:0.000000s ]
ERR: 无法加载模块:Public

[ 2016-03-30T10:26:54+08:00 ] 192.168.115.175 /Public/mall/css/__PUBLIC__/mall/wuhelong/images/bj3.png
INFO: [ app_init ] --START--
INFO: Run Behavior\BuildLiteBehavior [ RunTime:0.000000s ]
INFO: [ app_init ] --END-- [ RunTime:0.000000s ]
ERR: 无法加载模块:Public

[ 2016-03-30T10:26:54+08:00 ] 192.168.115.175 /Public/mall/css/__PUBLIC__/mall/wuhelong/images/bj3.png
INFO: [ app_init ] --START--
INFO: Run Behavior\BuildLiteBehavior [ RunTime:0.000000s ]
INFO: [ app_init ] --END-- [ RunTime:0.001000s ]
ERR: 无法加载模块:Public

[ 2016-03-30T10:26:54+08:00 ] 192.168.115.175 /Public/mall/css/__PUBLIC__/mall/wuhelong/images/bj3.png
INFO: [ app_init ] --START--
INFO: Run Behavior\BuildLiteBehavior [ RunTime:0.000000s ]
INFO: [ app_init ] --END-- [ RunTime:0.000000s ]
ERR: 无法加载模块:Public

[ 2016-03-30T10:26:54+08:00 ] 192.168.115.175 /Public/mall/css/__PUBLIC__/mall/wuhelong/images/bj3.png
INFO: [ app_init ] --START--
INFO: Run Behavior\BuildLiteBehavior [ RunTime:0.000000s ]
INFO: [ app_init ] --END-- [ RunTime:0.001000s ]
ERR: 无法加载模块:Public

[ 2016-03-30T10:26:54+08:00 ] 192.168.115.175 /Public/mall/css/__PUBLIC__/mall/wuhelong/images/bj3.png
INFO: [ app_init ] --START--
INFO: Run Behavior\BuildLiteBehavior [ RunTime:0.000000s ]
INFO: [ app_init ] --END-- [ RunTime:0.001000s ]
ERR: 无法加载模块:Public

[ 2016-03-30T10:26:54+08:00 ] 192.168.115.175 /Public/mall/css/__PUBLIC__/mall/wuhelong/images/bj3.png
INFO: [ app_init ] --START--
INFO: Run Behavior\BuildLiteBehavior [ RunTime:0.000000s ]
INFO: [ app_init ] --END-- [ RunTime:0.001000s ]
ERR: 无法加载模块:Public

[ 2016-03-30T10:26:54+08:00 ] 192.168.115.175 /Public/mall/css/__PUBLIC__/mall/wuhelong/images/bj3.png
INFO: [ app_init ] --START--
INFO: Run Behavior\BuildLiteBehavior [ RunTime:0.000000s ]
INFO: [ app_init ] --END-- [ RunTime:0.001000s ]
ERR: 无法加载模块:Public

[ 2016-03-30T10:26:56+08:00 ] 192.168.115.175 /Public/mall/css/__PUBLIC__/mall/wuhelong/images/bj3.png
INFO: [ app_init ] --START--
INFO: Run Behavior\BuildLiteBehavior [ RunTime:0.000000s ]
INFO: [ app_init ] --END-- [ RunTime:0.001001s ]
ERR: 无法加载模块:Public

[ 2016-03-30T10:26:56+08:00 ] 192.168.115.175 /Public/mall/css/__PUBLIC__/mall/wuhelong/images/bj3.png
INFO: [ app_init ] --START--
INFO: Run Behavior\BuildLiteBehavior [ RunTime:0.000000s ]
INFO: [ app_init ] --END-- [ RunTime:0.001000s ]
ERR: 无法加载模块:Public

[ 2016-03-30T10:26:59+08:00 ] 192.168.115.175 /Public/mall/css/__PUBLIC__/mall/wuhelong/images/bj3.png
INFO: [ app_init ] --START--
INFO: Run Behavior\BuildLiteBehavior [ RunTime:0.000000s ]
INFO: [ app_init ] --END-- [ RunTime:0.000000s ]
ERR: 无法加载模块:Public

[ 2016-03-30T10:27:00+08:00 ] 192.168.115.175 /Public/mall/css/__PUBLIC__/mall/wuhelong/images/bj3.png
INFO: [ app_init ] --START--
INFO: Run Behavior\BuildLiteBehavior [ RunTime:0.000000s ]
INFO: [ app_init ] --END-- [ RunTime:0.000000s ]
ERR: 无法加载模块:Public

[ 2016-03-30T10:27:00+08:00 ] 192.168.115.175 /Public/mall/css/__PUBLIC__/mall/wuhelong/images/bj3.png
INFO: [ app_init ] --START--
INFO: Run Behavior\BuildLiteBehavior [ RunTime:0.000000s ]
INFO: [ app_init ] --END-- [ RunTime:0.000000s ]
ERR: 无法加载模块:Public

[ 2016-03-30T10:27:00+08:00 ] 192.168.115.175 /Public/mall/css/__PUBLIC__/mall/wuhelong/images/bj3.png
INFO: [ app_init ] --START--
INFO: Run Behavior\BuildLiteBehavior [ RunTime:0.000000s ]
INFO: [ app_init ] --END-- [ RunTime:0.000000s ]
ERR: 无法加载模块:Public

[ 2016-03-30T10:27:00+08:00 ] 192.168.115.175 /Public/mall/css/__PUBLIC__/mall/wuhelong/images/bj3.png
INFO: [ app_init ] --START--
INFO: Run Behavior\BuildLiteBehavior [ RunTime:0.000000s ]
INFO: [ app_init ] --END-- [ RunTime:0.000000s ]
ERR: 无法加载模块:Public

[ 2016-03-30T10:27:00+08:00 ] 192.168.115.175 /Public/mall/css/__PUBLIC__/mall/wuhelong/images/bj3.png
INFO: [ app_init ] --START--
INFO: Run Behavior\BuildLiteBehavior [ RunTime:0.000000s ]
INFO: [ app_init ] --END-- [ RunTime:0.001000s ]
ERR: 无法加载模块:Public

[ 2016-03-30T10:27:00+08:00 ] 192.168.115.175 /Public/mall/css/__PUBLIC__/mall/wuhelong/images/bj3.png
INFO: [ app_init ] --START--
INFO: Run Behavior\BuildLiteBehavior [ RunTime:0.000000s ]
INFO: [ app_init ] --END-- [ RunTime:0.001000s ]
ERR: 无法加载模块:Public

[ 2016-03-30T10:27:00+08:00 ] 192.168.115.175 /Public/mall/css/__PUBLIC__/mall/wuhelong/images/bj3.png
INFO: [ app_init ] --START--
INFO: Run Behavior\BuildLiteBehavior [ RunTime:0.000000s ]
INFO: [ app_init ] --END-- [ RunTime:0.001000s ]
ERR: 无法加载模块:Public

[ 2016-03-30T10:27:00+08:00 ] 192.168.115.175 /Public/mall/css/__PUBLIC__/mall/wuhelong/images/bj3.png
INFO: [ app_init ] --START--
INFO: Run Behavior\BuildLiteBehavior [ RunTime:0.000000s ]
INFO: [ app_init ] --END-- [ RunTime:0.000000s ]
ERR: 无法加载模块:Public

[ 2016-03-30T10:27:00+08:00 ] 192.168.115.175 /Public/mall/css/__PUBLIC__/mall/wuhelong/images/bj3.png
INFO: [ app_init ] --START--
INFO: Run Behavior\BuildLiteBehavior [ RunTime:0.000000s ]
INFO: [ app_init ] --END-- [ RunTime:0.000000s ]
ERR: 无法加载模块:Public

[ 2016-03-30T10:27:00+08:00 ] 192.168.115.175 /Public/mall/css/__PUBLIC__/mall/wuhelong/images/bj3.png
INFO: [ app_init ] --START--
INFO: Run Behavior\BuildLiteBehavior [ RunTime:0.000000s ]
INFO: [ app_init ] --END-- [ RunTime:0.000000s ]
ERR: 无法加载模块:Public

[ 2016-03-30T10:27:00+08:00 ] 192.168.115.175 /Public/mall/css/__PUBLIC__/mall/wuhelong/images/bj3.png
INFO: [ app_init ] --START--
INFO: Run Behavior\BuildLiteBehavior [ RunTime:0.000000s ]
INFO: [ app_init ] --END-- [ RunTime:0.000000s ]
ERR: 无法加载模块:Public

[ 2016-03-30T10:27:00+08:00 ] 192.168.115.175 /Public/mall/css/__PUBLIC__/mall/wuhelong/images/bj3.png
INFO: [ app_init ] --START--
INFO: Run Behavior\BuildLiteBehavior [ RunTime:0.000000s ]
INFO: [ app_init ] --END-- [ RunTime:0.001000s ]
ERR: 无法加载模块:Public

[ 2016-03-30T10:27:00+08:00 ] 192.168.115.175 /Public/mall/css/__PUBLIC__/mall/wuhelong/images/bj3.png
INFO: [ app_init ] --START--
INFO: Run Behavior\BuildLiteBehavior [ RunTime:0.000000s ]
INFO: [ app_init ] --END-- [ RunTime:0.000000s ]
ERR: 无法加载模块:Public

[ 2016-03-30T10:27:00+08:00 ] 192.168.115.175 /Public/mall/css/__PUBLIC__/mall/wuhelong/images/bj3.png
INFO: [ app_init ] --START--
INFO: Run Behavior\BuildLiteBehavior [ RunTime:0.000000s ]
INFO: [ app_init ] --END-- [ RunTime:0.000000s ]
ERR: 无法加载模块:Public

[ 2016-03-30T10:27:00+08:00 ] 192.168.115.175 /Public/mall/css/__PUBLIC__/mall/wuhelong/images/bj3.png
INFO: [ app_init ] --START--
INFO: Run Behavior\BuildLiteBehavior [ RunTime:0.000000s ]
INFO: [ app_init ] --END-- [ RunTime:0.000000s ]
ERR: 无法加载模块:Public

[ 2016-03-30T10:27:00+08:00 ] 192.168.115.175 /Public/mall/css/__PUBLIC__/mall/wuhelong/images/bj3.png
INFO: [ app_init ] --START--
INFO: Run Behavior\BuildLiteBehavior [ RunTime:0.000000s ]
INFO: [ app_init ] --END-- [ RunTime:0.001000s ]
ERR: 无法加载模块:Public

[ 2016-03-30T10:27:00+08:00 ] 192.168.115.175 /Public/mall/css/__PUBLIC__/mall/wuhelong/images/bj3.png
INFO: [ app_init ] --START--
INFO: Run Behavior\BuildLiteBehavior [ RunTime:0.000000s ]
INFO: [ app_init ] --END-- [ RunTime:0.001000s ]
ERR: 无法加载模块:Public

[ 2016-03-30T10:27:00+08:00 ] 192.168.115.175 /Public/mall/css/__PUBLIC__/mall/wuhelong/images/bj3.png
INFO: [ app_init ] --START--
INFO: Run Behavior\BuildLiteBehavior [ RunTime:0.000000s ]
INFO: [ app_init ] --END-- [ RunTime:0.001000s ]
ERR: 无法加载模块:Public

[ 2016-03-30T10:27:00+08:00 ] 192.168.115.175 /Public/mall/css/__PUBLIC__/mall/wuhelong/images/bj3.png
INFO: [ app_init ] --START--
INFO: Run Behavior\BuildLiteBehavior [ RunTime:0.000000s ]
INFO: [ app_init ] --END-- [ RunTime:0.000000s ]
ERR: 无法加载模块:Public

[ 2016-03-30T10:27:00+08:00 ] 192.168.115.175 /Public/mall/css/__PUBLIC__/mall/wuhelong/images/bj3.png
INFO: [ app_init ] --START--
INFO: Run Behavior\BuildLiteBehavior [ RunTime:0.000000s ]
INFO: [ app_init ] --END-- [ RunTime:0.000000s ]
ERR: 无法加载模块:Public

[ 2016-03-30T10:27:00+08:00 ] 192.168.115.175 /Public/mall/css/__PUBLIC__/mall/wuhelong/images/bj3.png
INFO: [ app_init ] --START--
INFO: Run Behavior\BuildLiteBehavior [ RunTime:0.000000s ]
INFO: [ app_init ] --END-- [ RunTime:0.001000s ]
ERR: 无法加载模块:Public

[ 2016-03-30T10:27:00+08:00 ] 192.168.115.175 /Public/mall/css/__PUBLIC__/mall/wuhelong/images/bj3.png
INFO: [ app_init ] --START--
INFO: Run Behavior\BuildLiteBehavior [ RunTime:0.001000s ]
INFO: [ app_init ] --END-- [ RunTime:0.001000s ]
ERR: 无法加载模块:Public

[ 2016-03-30T10:27:01+08:00 ] 192.168.115.175 /Public/mall/css/__PUBLIC__/mall/wuhelong/images/bj3.png
INFO: [ app_init ] --START--
INFO: Run Behavior\BuildLiteBehavior [ RunTime:0.000000s ]
INFO: [ app_init ] --END-- [ RunTime:0.000000s ]
ERR: 无法加载模块:Public

[ 2016-03-30T10:27:01+08:00 ] 192.168.115.175 /Public/mall/css/__PUBLIC__/mall/wuhelong/images/bj3.png
INFO: [ app_init ] --START--
INFO: Run Behavior\BuildLiteBehavior [ RunTime:0.000000s ]
INFO: [ app_init ] --END-- [ RunTime:0.001000s ]
ERR: 无法加载模块:Public

[ 2016-03-30T10:27:01+08:00 ] 192.168.115.175 /Public/mall/css/__PUBLIC__/mall/wuhelong/images/bj3.png
INFO: [ app_init ] --START--
INFO: Run Behavior\BuildLiteBehavior [ RunTime:0.000000s ]
INFO: [ app_init ] --END-- [ RunTime:0.000000s ]
ERR: 无法加载模块:Public

[ 2016-03-30T10:27:01+08:00 ] 192.168.115.175 /Public/mall/css/__PUBLIC__/mall/wuhelong/images/bj3.png
INFO: [ app_init ] --START--
INFO: Run Behavior\BuildLiteBehavior [ RunTime:0.000000s ]
INFO: [ app_init ] --END-- [ RunTime:0.001001s ]
ERR: 无法加载模块:Public

[ 2016-03-30T10:27:01+08:00 ] 192.168.115.175 /Public/mall/css/__PUBLIC__/mall/wuhelong/images/bj3.png
INFO: [ app_init ] --START--
INFO: Run Behavior\BuildLiteBehavior [ RunTime:0.000000s ]
INFO: [ app_init ] --END-- [ RunTime:0.000000s ]
ERR: 无法加载模块:Public

[ 2016-03-30T10:53:05+08:00 ] 192.168.115.175 /favicon.ico
INFO: [ app_init ] --START--
INFO: Run Behavior\BuildLiteBehavior [ RunTime:0.000000s ]
INFO: [ app_init ] --END-- [ RunTime:0.001000s ]
ERR: 无法加载模块:Favicon

[ 2016-03-30T10:53:08+08:00 ] 192.168.115.175 /favicon.ico
INFO: [ app_init ] --START--
INFO: Run Behavior\BuildLiteBehavior [ RunTime:0.000000s ]
INFO: [ app_init ] --END-- [ RunTime:0.000000s ]
ERR: 无法加载模块:Favicon

